  main.cpp
C:\Users\hp\Desktop\Project1\Project1\rdtrack.h(13,49): warning C4244: 'argument': conversion from 'int' to 'T', possible loss of data
          with
          [
              T=float
          ]
C:\Users\hp\Desktop\Project1\Project1\rdtrack.h(13,43): warning C4244: 'argument': conversion from 'int' to 'T', possible loss of data
          with
          [
              T=float
          ]
C:\Users\hp\Desktop\Project1\Project1\rdtrack.h(14,49): warning C4244: 'argument': conversion from 'int' to 'T', possible loss of data
          with
          [
              T=float
          ]
C:\Users\hp\Desktop\Project1\Project1\rdtrack.h(14,43): warning C4244: 'argument': conversion from 'int' to 'T', possible loss of data
          with
          [
              T=float
          ]
C:\Users\hp\Desktop\Project1\Project1\rdtrack.h(15,49): warning C4244: 'argument': conversion from 'int' to 'T', possible loss of data
          with
          [
              T=float
          ]
C:\Users\hp\Desktop\Project1\Project1\rdtrack.h(15,43): warning C4244: 'argument': conversion from 'int' to 'T', possible loss of data
          with
          [
              T=float
          ]
C:\Users\hp\Desktop\Project1\Project1\rdtrack.h(16,49): warning C4244: 'argument': conversion from 'int' to 'T', possible loss of data
          with
          [
              T=float
          ]
C:\Users\hp\Desktop\Project1\Project1\rdtrack.h(16,43): warning C4244: 'argument': conversion from 'int' to 'T', possible loss of data
          with
          [
              T=float
          ]
C:\Users\hp\Desktop\Project1\Project1\rdtrack.h(27,22): warning C4305: 'initializing': truncation from 'double' to 'float'
C:\Users\hp\Desktop\Project1\Project1\main.cpp(8,18): warning C4305: 'initializing': truncation from 'double' to 'float'
C:\Users\hp\Desktop\Project1\Project1\main.cpp(23,48): warning C4244: 'argument': conversion from 'int' to 'T', possible loss of data
          with
          [
              T=float
          ]
C:\Users\hp\Desktop\Project1\Project1\main.cpp(23,39): warning C4244: 'argument': conversion from 'int' to 'T', possible loss of data
          with
          [
              T=float
          ]
C:\Users\hp\Desktop\Project1\Project1\main.cpp(33,14): warning C4244: '=': conversion from 'int' to 'float', possible loss of data
C:\Users\hp\Desktop\Project1\Project1\main.cpp(35,38): warning C4244: '=': conversion from 'double' to 'float', possible loss of data
C:\Users\hp\Desktop\Project1\Project1\main.cpp(83,17): warning C4244: 'argument': conversion from 'float' to 'int', possible loss of data
C:\Users\hp\Desktop\Project1\Project1\main.cpp(83,14): warning C4244: 'argument': conversion from 'float' to 'int', possible loss of data
C:\Users\hp\Desktop\Project1\Project1\main.cpp(87,12): warning C4244: '=': conversion from 'float' to 'int', possible loss of data
C:\Users\hp\Desktop\Project1\Project1\main.cpp(102,58): warning C4244: 'argument': conversion from 'float' to 'int', possible loss of data
C:\Users\hp\Desktop\Project1\Project1\main.cpp(102,43): warning C4244: 'argument': conversion from 'float' to 'int', possible loss of data
C:\Users\hp\Desktop\Project1\Project1\main.cpp(103,75): warning C4244: 'argument': conversion from 'double' to 'int', possible loss of data
C:\Users\hp\Desktop\Project1\Project1\main.cpp(103,67): warning C4244: 'argument': conversion from 'float' to 'int', possible loss of data
C:\Users\hp\Desktop\Project1\Project1\main.cpp(103,62): warning C4244: 'argument': conversion from 'float' to 'int', possible loss of data
C:\Users\hp\Desktop\Project1\Project1\main.cpp(103,54): warning C4244: 'argument': conversion from 'double' to 'int', possible loss of data
C:\Users\hp\Desktop\Project1\Project1\main.cpp(103,46): warning C4244: 'argument': conversion from 'float' to 'int', possible loss of data
C:\Users\hp\Desktop\Project1\Project1\main.cpp(103,41): warning C4244: 'argument': conversion from 'float' to 'int', possible loss of data
C:\Users\hp\Desktop\Project1\Project1\main.cpp(104,64): warning C4244: 'argument': conversion from 'float' to 'int', possible loss of data
C:\Users\hp\Desktop\Project1\Project1\main.cpp(104,59): warning C4244: 'argument': conversion from 'float' to 'int', possible loss of data
C:\Users\hp\Desktop\Project1\Project1\main.cpp(104,54): warning C4244: 'argument': conversion from 'float' to 'int', possible loss of data
C:\Users\hp\Desktop\Project1\Project1\main.cpp(104,49): warning C4244: 'argument': conversion from 'float' to 'int', possible loss of data
C:\Users\hp\Desktop\Project1\Project1\main.cpp(104,44): warning C4244: 'argument': conversion from 'float' to 'int', possible loss of data
C:\Users\hp\Desktop\Project1\Project1\main.cpp(104,39): warning C4244: 'argument': conversion from 'float' to 'int', possible loss of data
C:\Users\hp\Desktop\Project1\Project1\main.cpp(106,53): warning C4244: 'argument': conversion from 'int' to 'T', possible loss of data
          with
          [
              T=float
          ]
C:\Users\hp\Desktop\Project1\Project1\main.cpp(106,40): warning C4244: 'argument': conversion from 'int' to 'T', possible loss of data
          with
          [
              T=float
          ]
C:\Users\hp\Desktop\Project1\Project1\main.cpp(107,39): warning C4244: 'argument': conversion from 'int' to 'T', possible loss of data
          with
          [
              T=float
          ]
C:\Users\hp\Desktop\Project1\Project1\main.cpp(107,30): warning C4244: 'argument': conversion from 'int' to 'T', possible loss of data
          with
          [
              T=float
          ]
  Generating code
  1 of 121 functions ( 0.8%) were compiled, the rest were copied from previous compilation.
    0 functions were new in current compilation
    1 functions had inline decision re-evaluated but remain unchanged
  Finished generating code
  Project1.vcxproj -> C:\Users\hp\Desktop\Project1\Release\Project1.exe
